Traceback (most recent call last):
  File "C:\Users\lenovo\AppData\Local\Programs\Python\Python311\Lib\site-packages\jupyter_cache\executors\utils.py", line 58, in single_nb_execution
    executenb(
  File "C:\Users\lenovo\AppData\Local\Programs\Python\Python311\Lib\site-packages\nbclient\client.py", line 1305, in execute
    return NotebookClient(nb=nb, resources=resources, km=km, **kwargs).execute()
           ^^^^^^^^^^^^^^^^^^^^^^^^^^^^^^^^^^^^^^^^^^^^^^^^^^^^^^^^^^^^^^^^^^^^^
  File "C:\Users\lenovo\AppData\Roaming\Python\Python311\site-packages\jupyter_core\utils\__init__.py", line 166, in wrapped
    return loop.run_until_complete(inner)
           ^^^^^^^^^^^^^^^^^^^^^^^^^^^^^^
  File "C:\Users\lenovo\AppData\Local\Programs\Python\Python311\Lib\asyncio\base_events.py", line 653, in run_until_complete
    return future.result()
           ^^^^^^^^^^^^^^^
  File "C:\Users\lenovo\AppData\Local\Programs\Python\Python311\Lib\contextlib.py", line 222, in __aexit__
    await self.gen.athrow(typ, value, traceback)
  File "C:\Users\lenovo\AppData\Local\Programs\Python\Python311\Lib\site-packages\nbclient\client.py", line 650, in async_setup_kernel
    yield
  File "C:\Users\lenovo\AppData\Local\Programs\Python\Python311\Lib\site-packages\nbclient\client.py", line 705, in async_execute
    await self.async_execute_cell(
  File "C:\Users\lenovo\AppData\Local\Programs\Python\Python311\Lib\site-packages\nbclient\client.py", line 1058, in async_execute_cell
    await self._check_raise_for_error(cell, cell_index, exec_reply)
  File "C:\Users\lenovo\AppData\Local\Programs\Python\Python311\Lib\site-packages\nbclient\client.py", line 914, in _check_raise_for_error
    raise CellExecutionError.from_cell_and_msg(cell, exec_reply_content)
nbclient.exceptions.CellExecutionError: An error occurred while executing the following cell:
------------------
import pandas as pd
import matplotlib.pyplot as plt

# Load time series data from downloaded file
data = pd.read_csv('daily-min-temperatures.csv', index_col='Date', parse_dates=True)

# Set font size
plt.rcParams.update({'font.size': 9})

# Plot the data
fig, ax = plt.subplots(figsize=(8, 4))
ax.plot(data['Temp'], label='Original')

plt.title("Original Time Series")
plt.xlabel("Date")
plt.ylabel("Temperature")
plt.grid(True)

plt.show()

------------------


[1;31m---------------------------------------------------------------------------[0m
[1;31mFileNotFoundError[0m                         Traceback (most recent call last)
Cell [1;32mIn[2], line 5[0m
[0;32m      2[0m [38;5;28;01mimport[39;00m [38;5;21;01mmatplotlib[39;00m[38;5;21;01m.[39;00m[38;5;21;01mpyplot[39;00m [38;5;28;01mas[39;00m [38;5;21;01mplt[39;00m
[0;32m      4[0m [38;5;66;03m# Load time series data from downloaded file[39;00m
[1;32m----> 5[0m data [38;5;241m=[39m [43mpd[49m[38;5;241;43m.[39;49m[43mread_csv[49m[43m([49m[38;5;124;43m'[39;49m[38;5;124;43mdaily-min-temperatures.csv[39;49m[38;5;124;43m'[39;49m[43m,[49m[43m [49m[43mindex_col[49m[38;5;241;43m=[39;49m[38;5;124;43m'[39;49m[38;5;124;43mDate[39;49m[38;5;124;43m'[39;49m[43m,[49m[43m [49m[43mparse_dates[49m[38;5;241;43m=[39;49m[38;5;28;43;01mTrue[39;49;00m[43m)[49m
[0;32m      7[0m [38;5;66;03m# Set font size[39;00m
[0;32m      8[0m plt[38;5;241m.[39mrcParams[38;5;241m.[39mupdate({[38;5;124m'[39m[38;5;124mfont.size[39m[38;5;124m'[39m: [38;5;241m9[39m})

File [1;32m~\AppData\Local\Programs\Python\Python311\Lib\site-packages\pandas\util\_decorators.py:211[0m, in [0;36mdeprecate_kwarg.<locals>._deprecate_kwarg.<locals>.wrapper[1;34m(*args, **kwargs)[0m
[0;32m    209[0m     [38;5;28;01melse[39;00m:
[0;32m    210[0m         kwargs[new_arg_name] [38;5;241m=[39m new_arg_value
[1;32m--> 211[0m [38;5;28;01mreturn[39;00m [43mfunc[49m[43m([49m[38;5;241;43m*[39;49m[43margs[49m[43m,[49m[43m [49m[38;5;241;43m*[39;49m[38;5;241;43m*[39;49m[43mkwargs[49m[43m)[49m

File [1;32m~\AppData\Local\Programs\Python\Python311\Lib\site-packages\pandas\util\_decorators.py:331[0m, in [0;36mdeprecate_nonkeyword_arguments.<locals>.decorate.<locals>.wrapper[1;34m(*args, **kwargs)[0m
[0;32m    325[0m [38;5;28;01mif[39;00m [38;5;28mlen[39m(args) [38;5;241m>[39m num_allow_args:
[0;32m    326[0m     warnings[38;5;241m.[39mwarn(
[0;32m    327[0m         msg[38;5;241m.[39mformat(arguments[38;5;241m=[39m_format_argument_list(allow_args)),
[0;32m    328[0m         [38;5;167;01mFutureWarning[39;00m,
[0;32m    329[0m         stacklevel[38;5;241m=[39mfind_stack_level(),
[0;32m    330[0m     )
[1;32m--> 331[0m [38;5;28;01mreturn[39;00m [43mfunc[49m[43m([49m[38;5;241;43m*[39;49m[43margs[49m[43m,[49m[43m [49m[38;5;241;43m*[39;49m[38;5;241;43m*[39;49m[43mkwargs[49m[43m)[49m

File [1;32m~\AppData\Local\Programs\Python\Python311\Lib\site-packages\pandas\io\parsers\readers.py:950[0m, in [0;36mread_csv[1;34m(filepath_or_buffer, sep, delimiter, header, names, index_col, usecols, squeeze, prefix, mangle_dupe_cols, dtype, engine, converters, true_values, false_values, skipinitialspace, skiprows, skipfooter, nrows, na_values, keep_default_na, na_filter, verbose, skip_blank_lines, parse_dates, infer_datetime_format, keep_date_col, date_parser, dayfirst, cache_dates, iterator, chunksize, compression, thousands, decimal, lineterminator, quotechar, quoting, doublequote, escapechar, comment, encoding, encoding_errors, dialect, error_bad_lines, warn_bad_lines, on_bad_lines, delim_whitespace, low_memory, memory_map, float_precision, storage_options)[0m
[0;32m    935[0m kwds_defaults [38;5;241m=[39m _refine_defaults_read(
[0;32m    936[0m     dialect,
[0;32m    937[0m     delimiter,
[1;32m   (...)[0m
[0;32m    946[0m     defaults[38;5;241m=[39m{[38;5;124m"[39m[38;5;124mdelimiter[39m[38;5;124m"[39m: [38;5;124m"[39m[38;5;124m,[39m[38;5;124m"[39m},
[0;32m    947[0m )
[0;32m    948[0m kwds[38;5;241m.[39mupdate(kwds_defaults)
[1;32m--> 950[0m [38;5;28;01mreturn[39;00m [43m_read[49m[43m([49m[43mfilepath_or_buffer[49m[43m,[49m[43m [49m[43mkwds[49m[43m)[49m

File [1;32m~\AppData\Local\Programs\Python\Python311\Lib\site-packages\pandas\io\parsers\readers.py:605[0m, in [0;36m_read[1;34m(filepath_or_buffer, kwds)[0m
[0;32m    602[0m _validate_names(kwds[38;5;241m.[39mget([38;5;124m"[39m[38;5;124mnames[39m[38;5;124m"[39m, [38;5;28;01mNone[39;00m))
[0;32m    604[0m [38;5;66;03m# Create the parser.[39;00m
[1;32m--> 605[0m parser [38;5;241m=[39m [43mTextFileReader[49m[43m([49m[43mfilepath_or_buffer[49m[43m,[49m[43m [49m[38;5;241;43m*[39;49m[38;5;241;43m*[39;49m[43mkwds[49m[43m)[49m
[0;32m    607[0m [38;5;28;01mif[39;00m chunksize [38;5;129;01mor[39;00m iterator:
[0;32m    608[0m     [38;5;28;01mreturn[39;00m parser

File [1;32m~\AppData\Local\Programs\Python\Python311\Lib\site-packages\pandas\io\parsers\readers.py:1442[0m, in [0;36mTextFileReader.__init__[1;34m(self, f, engine, **kwds)[0m
[0;32m   1439[0m     [38;5;28mself[39m[38;5;241m.[39moptions[[38;5;124m"[39m[38;5;124mhas_index_names[39m[38;5;124m"[39m] [38;5;241m=[39m kwds[[38;5;124m"[39m[38;5;124mhas_index_names[39m[38;5;124m"[39m]
[0;32m   1441[0m [38;5;28mself[39m[38;5;241m.[39mhandles: IOHandles [38;5;241m|[39m [38;5;28;01mNone[39;00m [38;5;241m=[39m [38;5;28;01mNone[39;00m
[1;32m-> 1442[0m [38;5;28mself[39m[38;5;241m.[39m_engine [38;5;241m=[39m [38;5;28;43mself[39;49m[38;5;241;43m.[39;49m[43m_make_engine[49m[43m([49m[43mf[49m[43m,[49m[43m [49m[38;5;28;43mself[39;49m[38;5;241;43m.[39;49m[43mengine[49m[43m)[49m

File [1;32m~\AppData\Local\Programs\Python\Python311\Lib\site-packages\pandas\io\parsers\readers.py:1735[0m, in [0;36mTextFileReader._make_engine[1;34m(self, f, engine)[0m
[0;32m   1733[0m     [38;5;28;01mif[39;00m [38;5;124m"[39m[38;5;124mb[39m[38;5;124m"[39m [38;5;129;01mnot[39;00m [38;5;129;01min[39;00m mode:
[0;32m   1734[0m         mode [38;5;241m+[39m[38;5;241m=[39m [38;5;124m"[39m[38;5;124mb[39m[38;5;124m"[39m
[1;32m-> 1735[0m [38;5;28mself[39m[38;5;241m.[39mhandles [38;5;241m=[39m [43mget_handle[49m[43m([49m
[0;32m   1736[0m [43m    [49m[43mf[49m[43m,[49m
[0;32m   1737[0m [43m    [49m[43mmode[49m[43m,[49m
[0;32m   1738[0m [43m    [49m[43mencoding[49m[38;5;241;43m=[39;49m[38;5;28;43mself[39;49m[38;5;241;43m.[39;49m[43moptions[49m[38;5;241;43m.[39;49m[43mget[49m[43m([49m[38;5;124;43m"[39;49m[38;5;124;43mencoding[39;49m[38;5;124;43m"[39;49m[43m,[49m[43m [49m[38;5;28;43;01mNone[39;49;00m[43m)[49m[43m,[49m
[0;32m   1739[0m [43m    [49m[43mcompression[49m[38;5;241;43m=[39;49m[38;5;28;43mself[39;49m[38;5;241;43m.[39;49m[43moptions[49m[38;5;241;43m.[39;49m[43mget[49m[43m([49m[38;5;124;43m"[39;49m[38;5;124;43mcompression[39;49m[38;5;124;43m"[39;49m[43m,[49m[43m [49m[38;5;28;43;01mNone[39;49;00m[43m)[49m[43m,[49m
[0;32m   1740[0m [43m    [49m[43mmemory_map[49m[38;5;241;43m=[39;49m[38;5;28;43mself[39;49m[38;5;241;43m.[39;49m[43moptions[49m[38;5;241;43m.[39;49m[43mget[49m[43m([49m[38;5;124;43m"[39;49m[38;5;124;43mmemory_map[39;49m[38;5;124;43m"[39;49m[43m,[49m[43m [49m[38;5;28;43;01mFalse[39;49;00m[43m)[49m[43m,[49m
[0;32m   1741[0m [43m    [49m[43mis_text[49m[38;5;241;43m=[39;49m[43mis_text[49m[43m,[49m
[0;32m   1742[0m [43m    [49m[43merrors[49m[38;5;241;43m=[39;49m[38;5;28;43mself[39;49m[38;5;241;43m.[39;49m[43moptions[49m[38;5;241;43m.[39;49m[43mget[49m[43m([49m[38;5;124;43m"[39;49m[38;5;124;43mencoding_errors[39;49m[38;5;124;43m"[39;49m[43m,[49m[43m [49m[38;5;124;43m"[39;49m[38;5;124;43mstrict[39;49m[38;5;124;43m"[39;49m[43m)[49m[43m,[49m
[0;32m   1743[0m [43m    [49m[43mstorage_options[49m[38;5;241;43m=[39;49m[38;5;28;43mself[39;49m[38;5;241;43m.[39;49m[43moptions[49m[38;5;241;43m.[39;49m[43mget[49m[43m([49m[38;5;124;43m"[39;49m[38;5;124;43mstorage_options[39;49m[38;5;124;43m"[39;49m[43m,[49m[43m [49m[38;5;28;43;01mNone[39;49;00m[43m)[49m[43m,[49m
[0;32m   1744[0m [43m[49m[43m)[49m
[0;32m   1745[0m [38;5;28;01massert[39;00m [38;5;28mself[39m[38;5;241m.[39mhandles [38;5;129;01mis[39;00m [38;5;129;01mnot[39;00m [38;5;28;01mNone[39;00m
[0;32m   1746[0m f [38;5;241m=[39m [38;5;28mself[39m[38;5;241m.[39mhandles[38;5;241m.[39mhandle

File [1;32m~\AppData\Local\Programs\Python\Python311\Lib\site-packages\pandas\io\common.py:856[0m, in [0;36mget_handle[1;34m(path_or_buf, mode, encoding, compression, memory_map, is_text, errors, storage_options)[0m
[0;32m    851[0m [38;5;28;01melif[39;00m [38;5;28misinstance[39m(handle, [38;5;28mstr[39m):
[0;32m    852[0m     [38;5;66;03m# Check whether the filename is to be opened in binary mode.[39;00m
[0;32m    853[0m     [38;5;66;03m# Binary mode does not support 'encoding' and 'newline'.[39;00m
[0;32m    854[0m     [38;5;28;01mif[39;00m ioargs[38;5;241m.[39mencoding [38;5;129;01mand[39;00m [38;5;124m"[39m[38;5;124mb[39m[38;5;124m"[39m [38;5;129;01mnot[39;00m [38;5;129;01min[39;00m ioargs[38;5;241m.[39mmode:
[0;32m    855[0m         [38;5;66;03m# Encoding[39;00m
[1;32m--> 856[0m         handle [38;5;241m=[39m [38;5;28;43mopen[39;49m[43m([49m
[0;32m    857[0m [43m            [49m[43mhandle[49m[43m,[49m
[0;32m    858[0m [43m            [49m[43mioargs[49m[38;5;241;43m.[39;49m[43mmode[49m[43m,[49m
[0;32m    859[0m [43m            [49m[43mencoding[49m[38;5;241;43m=[39;49m[43mioargs[49m[38;5;241;43m.[39;49m[43mencoding[49m[43m,[49m
[0;32m    860[0m [43m            [49m[43merrors[49m[38;5;241;43m=[39;49m[43merrors[49m[43m,[49m
[0;32m    861[0m [43m            [49m[43mnewline[49m[38;5;241;43m=[39;49m[38;5;124;43m"[39;49m[38;5;124;43m"[39;49m[43m,[49m
[0;32m    862[0m [43m        [49m[43m)[49m
[0;32m    863[0m     [38;5;28;01melse[39;00m:
[0;32m    864[0m         [38;5;66;03m# Binary mode[39;00m
[0;32m    865[0m         handle [38;5;241m=[39m [38;5;28mopen[39m(handle, ioargs[38;5;241m.[39mmode)

[1;31mFileNotFoundError[0m: [Errno 2] No such file or directory: 'daily-min-temperatures.csv'

